  ChaosGame.cpp
C:\Users\robee\OneDrive\Desktop\projects\Chaos_Game-main\code\ChaosGame.cpp(60,71): warning C4244: 'argument': conversion from 'int' to 'T', possible loss of data
C:\Users\robee\OneDrive\Desktop\projects\Chaos_Game-main\code\ChaosGame.cpp(60,71): warning C4244:         with
C:\Users\robee\OneDrive\Desktop\projects\Chaos_Game-main\code\ChaosGame.cpp(60,71): warning C4244:         [
C:\Users\robee\OneDrive\Desktop\projects\Chaos_Game-main\code\ChaosGame.cpp(60,71): warning C4244:             T=float
C:\Users\robee\OneDrive\Desktop\projects\Chaos_Game-main\code\ChaosGame.cpp(60,71): warning C4244:         ]
C:\Users\robee\OneDrive\Desktop\projects\Chaos_Game-main\code\ChaosGame.cpp(60,50): warning C4244: 'argument': conversion from 'int' to 'T', possible loss of data
C:\Users\robee\OneDrive\Desktop\projects\Chaos_Game-main\code\ChaosGame.cpp(60,50): warning C4244:         with
C:\Users\robee\OneDrive\Desktop\projects\Chaos_Game-main\code\ChaosGame.cpp(60,50): warning C4244:         [
C:\Users\robee\OneDrive\Desktop\projects\Chaos_Game-main\code\ChaosGame.cpp(60,50): warning C4244:             T=float
C:\Users\robee\OneDrive\Desktop\projects\Chaos_Game-main\code\ChaosGame.cpp(60,50): warning C4244:         ]
C:\Users\robee\OneDrive\Desktop\projects\Chaos_Game-main\code\ChaosGame.cpp(64,70): warning C4244: 'argument': conversion from 'int' to 'T', possible loss of data
C:\Users\robee\OneDrive\Desktop\projects\Chaos_Game-main\code\ChaosGame.cpp(64,70): warning C4244:         with
C:\Users\robee\OneDrive\Desktop\projects\Chaos_Game-main\code\ChaosGame.cpp(64,70): warning C4244:         [
C:\Users\robee\OneDrive\Desktop\projects\Chaos_Game-main\code\ChaosGame.cpp(64,70): warning C4244:             T=float
C:\Users\robee\OneDrive\Desktop\projects\Chaos_Game-main\code\ChaosGame.cpp(64,70): warning C4244:         ]
C:\Users\robee\OneDrive\Desktop\projects\Chaos_Game-main\code\ChaosGame.cpp(64,49): warning C4244: 'argument': conversion from 'int' to 'T', possible loss of data
C:\Users\robee\OneDrive\Desktop\projects\Chaos_Game-main\code\ChaosGame.cpp(64,49): warning C4244:         with
C:\Users\robee\OneDrive\Desktop\projects\Chaos_Game-main\code\ChaosGame.cpp(64,49): warning C4244:         [
C:\Users\robee\OneDrive\Desktop\projects\Chaos_Game-main\code\ChaosGame.cpp(64,49): warning C4244:             T=float
C:\Users\robee\OneDrive\Desktop\projects\Chaos_Game-main\code\ChaosGame.cpp(64,49): warning C4244:         ]
  Chaos Game.vcxproj -> C:\Users\robee\OneDrive\Desktop\projects\Chaos_Game-main\x64\Debug\Chaos Game.exe
